#
# A fatal error has been detected by the Java Runtime Environment:
#
#  SIGSEGV (0xb) at pc=0x000000010e1215da, pid=87201, tid=16899
#
# JRE version: Java(TM) SE Runtime Environment (8.0_77-b03) (build 1.8.0_77-b03)
# Java VM: Java HotSpot(TM) 64-Bit Server VM (25.77-b03 mixed mode bsd-amd64 compressed oops)
# Problematic frame:
# V  [libjvm.dylib+0x3215da]  get_method_id(JNIEnv_*, _jclass*, char const*, char const*, bool, Thread*)+0x86
#
# Failed to write core dump. Core dumps have been disabled. To enable core dumping, try "ulimit -c unlimited" before starting Java again
#
# If you would like to submit a bug report, please visit:
#   http://bugreport.java.com/bugreport/crash.jsp
#

---------------  T H R E A D  ---------------

Current thread (0x00007f8e40816800):  JavaThread "JDWP Transport Listener: dt_socket" daemon [_thread_in_vm, id=16899, stack(0x00007000076b6000,0x00007000077b6000)]

siginfo: si_signo: 11 (SIGSEGV), si_code: 1 (SEGV_MAPERR), si_addr: 0x0000000000000000

Registers:
RAX=0x0000000117ed20f0, RBX=0x00007f8e40816800, RCX=0x0000000000000028, RDX=0x0000000000000000
RSP=0x00007000077b5860, RBP=0x00007000077b58a0, RSI=0x00000001309dff47, RDI=0x0000000117ed20f0
R8 =0x0000000000009b75, R9 =0x00000000005e970f, R10=0x00007fffa4e50128, R11=0xffffffff00000000
R12=0x0000000000000000, R13=0x00007f8e4144abf0, R14=0x0000000117ed20f0, R15=0x00000001309e0daf
RIP=0x000000010e1215da, EFLAGS=0x0000000000010206, ERR=0x0000000000000004
  TRAPNO=0x000000000000000e

Top of Stack: (sp=0x00007000077b5860)
0x00007000077b5860:   0000000000000000 0000000000000002
0x00007000077b5870:   00009b75f2e464b0 00000001309dff47
0x00007000077b5880:   00007f8e408169f8 00007f8e40816800
0x00007000077b5890:   00000001309e0daf 0000000000000000
0x00007000077b58a0:   00007000077b5910 000000010e1113a3
0x00007000077b58b0:   00007000077b58e0 00007f8e40816800
0x00007000077b58c0:   0000000000000000 0000000000010002
0x00007000077b58d0:   00007000077b5920 00007f8e40816800
0x00007000077b58e0:   00007f8e40816800 00007f8e408169f8
0x00007000077b58f0:   0000000130fabfa0 0000000000000002
0x00007000077b5900:   00007f8e46a899c0 00007f8e46a899c0
0x00007000077b5910:   00007000077b5960 000000012fe72e5c
0x00007000077b5920:   00007f8e408169f8 00007fff9c545edc
0x00007000077b5930:   000000010d4aaa00 00007f8e4806d680
0x00007000077b5940:   00007f8e46a7da60 00007f8e3ff3de00
0x00007000077b5950:   00007f8e46a899c0 00000000000000e0
0x00007000077b5960:   00007000077b5990 000000012fe6edd2
0x00007000077b5970:   0000000000000000 00007f8e46a7da60
0x00007000077b5980:   00007f8e46a899c0 00000000000000e0
0x00007000077b5990:   00007000077b59b0 000000012fe6f969
0x00007000077b59a0:   00007f8e46c19f00 00007f8e46c19f00
0x00007000077b59b0:   00007000077b59e0 000000012fe4ea33
0x00007000077b59c0:   00007f8e46c19f00 00007f8e3ff3de00
0x00007000077b59d0:   00007f8e46b7e0f0 00000000000000e0
0x00007000077b59e0:   00007000077b5a00 000000012fe6df9b
0x00007000077b59f0:   00007f8e46b7e0f0 0000000000000008
0x00007000077b5a00:   00007000077b5a20 00000001300dad16
0x00007000077b5a10:   0000000000000000 0000000000000000
0x00007000077b5a20:   00007000077b5a70 00007fff9c457198
0x00007000077b5a30:   0000000000000008 0000000000000000
0x00007000077b5a40:   0000000000000007 0000000000000001
0x00007000077b5a50:   000000010d573e7a 00007f8e4806d680 

Instructions: (pc=0x000000010e1215da)
0x000000010e1215ba:   8d 55 d4 4c 89 f7 e8 53 a6 20 00 4d 85 ed 49 89
0x000000010e1215ca:   c6 0f 84 38 01 00 00 4d 85 f6 0f 84 2f 01 00 00
0x000000010e1215da:   49 8b 3c 24 e8 c5 9c fc ff 84 c0 74 20 4c 8d 25
0x000000010e1215ea:   f2 70 5d 00 49 8b 8c 24 48 04 00 00 48 8d 35 8b 

Register to memory mapping:

RAX=0x0000000117ed20f0 is an unknown value
RBX=0x00007f8e40816800 is a thread
RCX=0x0000000000000028 is an unknown value
RDX=0x0000000000000000 is an unknown value
RSP=0x00007000077b5860 is pointing into the stack for thread: 0x00007f8e40816800
RBP=0x00007000077b58a0 is pointing into the stack for thread: 0x00007f8e40816800
RSI=0x00000001309dff47: GCC_except_table9+0x4e0fb in /Library/Java/JavaVirtualMachines/jdk1.8.0_77.jdk/Contents/Home/jre/lib/libjfxwebkit.dylib at 0x000000012f420000
RDI=0x0000000117ed20f0 is an unknown value
R8 =0x0000000000009b75 is an unknown value
R9 =0x00000000005e970f is an unknown value
R10=0x00007fffa4e50128: _ZN10__cxxabiv112_GLOBAL__N_19guard_mutE+0x20 in /usr/lib/libc++abi.dylib at 0x00007fff9afb7000
R11=0xffffffff00000000 is an unknown value
R12=0x0000000000000000 is an unknown value
R13=0x00007f8e4144abf0 is an unknown value
R14=0x0000000117ed20f0 is an unknown value
R15=0x00000001309e0daf: GCC_except_table9+0x4ef63 in /Library/Java/JavaVirtualMachines/jdk1.8.0_77.jdk/Contents/Home/jre/lib/libjfxwebkit.dylib at 0x000000012f420000


Stack: [0x00007000076b6000,0x00007000077b6000],  sp=0x00007000077b5860,  free space=1022k
Native frames: (J=compiled Java code, j=interpreted, Vv=VM code, C=native code)
V  [libjvm.dylib+0x3215da]  get_method_id(JNIEnv_*, _jclass*, char const*, char const*, bool, Thread*)+0x86
V  [libjvm.dylib+0x3113a3]  jni_GetMethodID+0x7e
C  [libjfxwebkit.dylib+0xa52e5c]  WebCore::RenderingQueue::disposeGraphics()+0x7c
C  [libjfxwebkit.dylib+0xa4edd2]  WebCore::RenderingQueue::~RenderingQueue()+0x12
C  [libjfxwebkit.dylib+0xa4f969]  WebCore::GraphicsContext::platformDestroy()+0x39
C  [libjfxwebkit.dylib+0xa2ea33]  WebCore::GraphicsContext::~GraphicsContext()+0x13
C  [libjfxwebkit.dylib+0xa4df9b]  WebCore::ImageBuffer::~ImageBuffer()+0x1b
C  [libjfxwebkit.dylib+0xcbad16]  WTF::OwnPtr<WebCore::ImageBuffer>::~OwnPtr()+0x16
C  [libsystem_c.dylib+0x60198]  __cxa_finalize_ranges+0x14c
C  [libsystem_c.dylib+0x604d2]  exit+0x37
C  [libjdwp.dylib+0xd653]  debugInit_exit+0x0
C  [libjdwp.dylib+0x9ea6]  doExit+0x5e
C  [libjdwp.dylib+0xe898]  debugLoop_run+0x1ce
C  [libjdwp.dylib+0x1f6ba]  attachThread+0x4d
V  [libjvm.dylib+0x39665c]  JvmtiAgentThread::call_start_function()+0x38
V  [libjvm.dylib+0x560e03]  JavaThread::thread_main_inner()+0x9b
V  [libjvm.dylib+0x5624fe]  JavaThread::run()+0x1c2
V  [libjvm.dylib+0x482eda]  java_start(Thread*)+0xf6
C  [libsystem_pthread.dylib+0x3abb]  _pthread_body+0xb4
C  [libsystem_pthread.dylib+0x3a07]  _pthread_body+0x0
C  [libsystem_pthread.dylib+0x3231]  thread_start+0xd
C  0x0000000000000000


---------------  P R O C E S S  ---------------

Java Threads: ( => current thread )
  0x00007f8e3fcf5800 JavaThread "SIGTERM handler" daemon [_thread_blocked, id=17927, stack(0x0000700006c12000,0x0000700006d12000)]
  0x00007f8e40d5f800 JavaThread "Watchdog-Timer-1" daemon [_thread_blocked, id=71939, stack(0x0000700009416000,0x0000700009516000)]
  0x00007f8e40bd1800 JavaThread "Prism Font Disposer" daemon [_thread_blocked, id=56803, stack(0x000070000876c000,0x000070000886c000)]
  0x00007f8e40ab8000 JavaThread "Disposer" daemon [_thread_blocked, id=52483, stack(0x0000700008360000,0x0000700008460000)]
  0x00007f8e3f1ad000 JavaThread "JavaFX-Launcher" [_thread_blocked, id=50947, stack(0x00007000081da000,0x00007000082da000)]
  0x00007f8e3f1a4000 JavaThread "Thread-3" daemon [_thread_in_native, id=38403, stack(0x00007000080d4000,0x0000700008154000)]
  0x00007f8e3f90e800 JavaThread "JavaFX Application Thread" [_thread_blocked, id=2059, stack(0x00007fff51f75000,0x00007fff52775000)]
  0x00007f8e3f90d800 JavaThread "Thread-1" daemon [_thread_blocked, id=26631, stack(0x0000700007fd1000,0x00007000080d1000)]
  0x00007f8e40015000 JavaThread "Service Thread" daemon [_thread_blocked, id=19971, stack(0x0000700007cc8000,0x0000700007dc8000)]
  0x00007f8e40014000 JavaThread "C1 CompilerThread2" daemon [_thread_blocked, id=19459, stack(0x0000700007bc5000,0x0000700007cc5000)]
  0x00007f8e40008000 JavaThread "C2 CompilerThread1" daemon [_thread_blocked, id=18947, stack(0x0000700007ac2000,0x0000700007bc2000)]
  0x00007f8e3f859000 JavaThread "C2 CompilerThread0" daemon [_thread_blocked, id=18435, stack(0x00007000079bf000,0x0000700007abf000)]
  0x00007f8e3f025800 JavaThread "JDWP Event Helper Thread" daemon [_thread_blocked, id=17411, stack(0x00007000077b9000,0x00007000078b9000)]
=>0x00007f8e40816800 JavaThread "JDWP Transport Listener: dt_socket" daemon [_thread_in_vm, id=16899, stack(0x00007000076b6000,0x00007000077b6000)]
  0x00007f8e3f025000 JavaThread "Signal Dispatcher" daemon [_thread_blocked, id=16387, stack(0x00007000075b3000,0x00007000076b3000)]
  0x00007f8e40006800 JavaThread "Finalizer" daemon [_thread_blocked, id=12547, stack(0x00007000074b0000,0x00007000075b0000)]
  0x00007f8e3f835800 JavaThread "Reference Handler" daemon [_thread_blocked, id=12035, stack(0x00007000073ad000,0x00007000074ad000)]
  0x00007f8e3f803000 JavaThread "main" [_thread_blocked, id=7171, stack(0x0000700006d9b000,0x0000700006e9b000)]

Other Threads:
  0x00007f8e3f833000 VMThread [stack: 0x00007000072aa000,0x00007000073aa000] [id=11523]
  0x00007f8e40807800 WatcherThread [stack: 0x0000700007dcb000,0x0000700007ecb000] [id=20483]

VM state:not at safepoint (normal execution)

VM Mutex/Monitor currently owned by a thread: None

Heap:
 PSYoungGen      total 141824K, used 82815K [0x000000076ab00000, 0x000000077ce00000, 0x00000007c0000000)
  eden space 131072K, 63% used [0x000000076ab00000,0x000000076fbdfdf0,0x0000000772b00000)
  from space 10752K, 0% used [0x0000000772b00000,0x0000000772b00000,0x0000000773580000)
  to   space 17920K, 0% used [0x000000077bc80000,0x000000077bc80000,0x000000077ce00000)
 ParOldGen       total 99328K, used 18961K [0x00000006c0000000, 0x00000006c6100000, 0x000000076ab00000)
  object space 99328K, 19% used [0x00000006c0000000,0x00000006c12844f8,0x00000006c6100000)
 Metaspace       used 23783K, capacity 24848K, committed 25008K, reserved 1071104K
  class space    used 3168K, capacity 3436K, committed 3504K, reserved 1048576K

Card table byte_map: [0x000000010f14f000,0x000000010f950000] byte_map_base: 0x000000010bb4f000

Marking Bits: (ParMarkBitMap*) 0x000000010e6e3ea0
 Begin Bits: [0x000000010fea6000, 0x0000000113ea6000)
 End Bits:   [0x0000000113ea6000, 0x0000000117ea6000)

Polling page: 0x000000010d54b000

CodeCache: size=245760Kb used=13609Kb max_used=13676Kb free=232150Kb
 bounds [0x00000001182a7000, 0x0000000119017000, 0x00000001272a7000]
 total_blobs=4781 nmethods=4038 adapters=663
 compilation: enabled

Compilation events (10 events):
Event: 18.970 Thread 0x00007f8e40014000 4106       1       java.nio.Buffer::capacity (5 bytes)
Event: 18.971 Thread 0x00007f8e40014000 nmethod 4106 0x0000000119000b90 code [0x0000000119000ce0, 0x0000000119000df0]
Event: 18.971 Thread 0x00007f8e40014000 4107       3       java.io.PrintStream::checkError (39 bytes)
Event: 18.971 Thread 0x00007f8e40014000 nmethod 4107 0x0000000118ffe210 code [0x0000000118ffe400, 0x0000000118ffec88]
Event: 18.996 Thread 0x00007f8e40014000 4108       3       javafx.collections.ListChangeBuilder::insertRemoved (319 bytes)
Event: 18.998 Thread 0x00007f8e40014000 nmethod 4108 0x0000000119003d50 code [0x0000000119004060, 0x00000001190059e8]
Event: 83.054 Thread 0x00007f8e40008000 4109       4       java.util.concurrent.atomic.AtomicBoolean::compareAndSet (35 bytes)
Event: 83.055 Thread 0x00007f8e40008000 nmethod 4109 0x0000000118ff2210 code [0x0000000118ff2360, 0x0000000118ff23d8]
Event: 90.294 Thread 0x00007f8e3f859000 4110       4       com.sun.javafx.tk.quantum.QuantumToolkit$$Lambda$42/280584127::run (8 bytes)
Event: 90.299 Thread 0x00007f8e3f859000 nmethod 4110 0x00000001190071d0 code [0x0000000119007380, 0x0000000119007798]

GC Heap History (10 events):
Event: 1.559 GC heap before
{Heap before GC invocations=2 (full 0):
 PSYoungGen      total 76288K, used 72253K [0x000000076ab00000, 0x0000000770000000, 0x00000007c0000000)
  eden space 65536K, 99% used [0x000000076ab00000,0x000000076eaea5c8,0x000000076eb00000)
  from space 10752K, 63% used [0x000000076eb00000,0x000000076f1a5220,0x000000076f580000)
  to   space 10752K, 0% used [0x000000076f580000,0x000000076f580000,0x0000000770000000)
 ParOldGen       total 175104K, used 5389K [0x00000006c0000000, 0x00000006cab00000, 0x000000076ab00000)
  object space 175104K, 3% used [0x00000006c0000000,0x00000006c05434d0,0x00000006cab00000)
 Metaspace       used 18929K, capacity 19548K, committed 19712K, reserved 1067008K
  class space    used 2591K, capacity 2776K, committed 2816K, reserved 1048576K
Event: 1.567 GC heap after
Heap after GC invocations=2 (full 0):
 PSYoungGen      total 76288K, used 5694K [0x000000076ab00000, 0x0000000774000000, 0x00000007c0000000)
  eden space 65536K, 0% used [0x000000076ab00000,0x000000076ab00000,0x000000076eb00000)
  from space 10752K, 52% used [0x000000076f580000,0x000000076fb0fb80,0x0000000770000000)
  to   space 10752K, 0% used [0x000000076eb00000,0x000000076eb00000,0x000000076f580000)
 ParOldGen       total 175104K, used 5397K [0x00000006c0000000, 0x00000006cab00000, 0x000000076ab00000)
  object space 175104K, 3% used [0x00000006c0000000,0x00000006c05454d0,0x00000006cab00000)
 Metaspace       used 18929K, capacity 19548K, committed 19712K, reserved 1067008K
  class space    used 2591K, capacity 2776K, committed 2816K, reserved 1048576K
}
Event: 1.591 GC heap before
{Heap before GC invocations=3 (full 0):
 PSYoungGen      total 76288K, used 71108K [0x000000076ab00000, 0x0000000774000000, 0x00000007c0000000)
  eden space 65536K, 99% used [0x000000076ab00000,0x000000076eae1698,0x000000076eb00000)
  from space 10752K, 52% used [0x000000076f580000,0x000000076fb0fb80,0x0000000770000000)
  to   space 10752K, 0% used [0x000000076eb00000,0x000000076eb00000,0x000000076f580000)
 ParOldGen       total 175104K, used 7914K [0x00000006c0000000, 0x00000006cab00000, 0x000000076ab00000)
  object space 175104K, 4% used [0x00000006c0000000,0x00000006c07bab30,0x00000006cab00000)
 Metaspace       used 18929K, capacity 19548K, committed 19712K, reserved 1067008K
  class space    used 2591K, capacity 2776K, committed 2816K, reserved 1048576K
Event: 1.597 GC heap after
Heap after GC invocations=3 (full 0):
 PSYoungGen      total 76288K, used 5614K [0x000000076ab00000, 0x0000000774000000, 0x00000007c0000000)
  eden space 65536K, 0% used [0x000000076ab00000,0x000000076ab00000,0x000000076eb00000)
  from space 10752K, 52% used [0x000000076eb00000,0x000000076f07bb70,0x000000076f580000)
  to   space 10752K, 0% used [0x0000000773580000,0x0000000773580000,0x0000000774000000)
 ParOldGen       total 175104K, used 7922K [0x00000006c0000000, 0x00000006cab00000, 0x000000076ab00000)
  object space 175104K, 4% used [0x00000006c0000000,0x00000006c07bcb30,0x00000006cab00000)
 Metaspace       used 18929K, capacity 19548K, committed 19712K, reserved 1067008K
  class space    used 2591K, capacity 2776K, committed 2816K, reserved 1048576K
}
Event: 1.628 GC heap before
{Heap before GC invocations=4 (full 0):
 PSYoungGen      total 76288K, used 70984K [0x000000076ab00000, 0x0000000774000000, 0x00000007c0000000)
  eden space 65536K, 99% used [0x000000076ab00000,0x000000076ead6708,0x000000076eb00000)
  from space 10752K, 52% used [0x000000076eb00000,0x000000076f07bb70,0x000000076f580000)
  to   space 10752K, 0% used [0x0000000773580000,0x0000000773580000,0x0000000774000000)
 ParOldGen       total 175104K, used 19216K [0x00000006c0000000, 0x00000006cab00000, 0x000000076ab00000)
  object space 175104K, 10% used [0x00000006c0000000,0x00000006c12c4230,0x00000006cab00000)
 Metaspace       used 18931K, capacity 19548K, committed 19712K, reserved 1067008K
  class space    used 2591K, capacity 2776K, committed 2816K, reserved 1048576K
Event: 1.636 GC heap after
Heap after GC invocations=4 (full 0):
 PSYoungGen      total 141824K, used 10735K [0x000000076ab00000, 0x0000000774000000, 0x00000007c0000000)
  eden space 131072K, 0% used [0x000000076ab00000,0x000000076ab00000,0x0000000772b00000)
  from space 10752K, 99% used [0x0000000773580000,0x0000000773ffbe60,0x0000000774000000)
  to   space 10752K, 0% used [0x0000000772b00000,0x0000000772b00000,0x0000000773580000)
 ParOldGen       total 175104K, used 20197K [0x00000006c0000000, 0x00000006cab00000, 0x000000076ab00000)
  object space 175104K, 11% used [0x00000006c0000000,0x00000006c13b9570,0x00000006cab00000)
 Metaspace       used 18931K, capacity 19548K, committed 19712K, reserved 1067008K
  class space    used 2591K, capacity 2776K, committed 2816K, reserved 1048576K
}
Event: 1.879 GC heap before
{Heap before GC invocations=5 (full 0):
 PSYoungGen      total 141824K, used 61013K [0x000000076ab00000, 0x0000000774000000, 0x00000007c0000000)
  eden space 131072K, 38% used [0x000000076ab00000,0x000000076dc19730,0x0000000772b00000)
  from space 10752K, 99% used [0x0000000773580000,0x0000000773ffbe60,0x0000000774000000)
  to   space 10752K, 0% used [0x0000000772b00000,0x0000000772b00000,0x0000000773580000)
 ParOldGen       total 175104K, used 20197K [0x00000006c0000000, 0x00000006cab00000, 0x000000076ab00000)
  object space 175104K, 11% used [0x00000006c0000000,0x00000006c13b9570,0x00000006cab00000)
 Metaspace       used 20452K, capacity 21240K, committed 21296K, reserved 1067008K
  class space    used 2881K, capacity 3082K, committed 3120K, reserved 1048576K
Event: 1.891 GC heap after
Heap after GC invocations=5 (full 0):
 PSYoungGen      total 141824K, used 10740K [0x000000076ab00000, 0x000000077ce00000, 0x00000007c0000000)
  eden space 131072K, 0% used [0x000000076ab00000,0x000000076ab00000,0x0000000772b00000)
  from space 10752K, 99% used [0x0000000772b00000,0x000000077357d100,0x0000000773580000)
  to   space 17920K, 0% used [0x000000077bc80000,0x000000077bc80000,0x000000077ce00000)
 ParOldGen       total 175104K, used 27448K [0x00000006c0000000, 0x00000006cab00000, 0x000000076ab00000)
  object space 175104K, 15% used [0x00000006c0000000,0x00000006c1ace2e0,0x00000006cab00000)
 Metaspace       used 20452K, capacity 21240K, committed 21296K, reserved 1067008K
  class space    used 2881K, capacity 3082K, committed 3120K, reserved 1048576K
}
Event: 1.891 GC heap before
{Heap before GC invocations=6 (full 1):
 PSYoungGen      total 141824K, used 10740K [0x000000076ab00000, 0x000000077ce00000, 0x00000007c0000000)
  eden space 131072K, 0% used [0x000000076ab00000,0x000000076ab00000,0x0000000772b00000)
  from space 10752K, 99% used [0x0000000772b00000,0x000000077357d100,0x0000000773580000)
  to   space 17920K, 0% used [0x000000077bc80000,0x000000077bc80000,0x000000077ce00000)
 ParOldGen       total 175104K, used 27448K [0x00000006c0000000, 0x00000006cab00000, 0x000000076ab00000)
  object space 175104K, 15% used [0x00000006c0000000,0x00000006c1ace2e0,0x00000006cab00000)
 Metaspace       used 20452K, capacity 21240K, committed 21296K, reserved 1067008K
  class space    used 2881K, capacity 3082K, committed 3120K, reserved 1048576K
Event: 1.926 GC heap after
Heap after GC invocations=6 (full 1):
 PSYoungGen      total 141824K, used 0K [0x000000076ab00000, 0x000000077ce00000, 0x00000007c0000000)
  eden space 131072K, 0% used [0x000000076ab00000,0x000000076ab00000,0x0000000772b00000)
  from space 10752K, 0% used [0x0000000772b00000,0x0000000772b00000,0x0000000773580000)
  to   space 17920K, 0% used [0x000000077bc80000,0x000000077bc80000,0x000000077ce00000)
 ParOldGen       total 99328K, used 18961K [0x00000006c0000000, 0x00000006c6100000, 0x000000076ab00000)
  object space 99328K, 19% used [0x00000006c0000000,0x00000006c12844f8,0x00000006c6100000)
 Metaspace       used 20452K, capacity 21240K, committed 21296K, reserved 1067008K
  class space    used 2881K, capacity 3082K, committed 3120K, reserved 1048576K
}

Deoptimization events (10 events):
Event: 2.386 Thread 0x00007f8e40b8b000 Uncommon trap: reason=bimorphic action=maybe_recompile pc=0x000000011885795c method=java.io.BufferedInputStream.read1([BII)I @ 39
Event: 2.387 Thread 0x00007f8e40b8b000 Uncommon trap: reason=bimorphic action=maybe_recompile pc=0x000000011885795c method=java.io.BufferedInputStream.read1([BII)I @ 39
Event: 5.021 Thread 0x00007f8e3f90e800 Uncommon trap: reason=unstable_if action=reinterpret pc=0x0000000118828920 method=java.util.regex.Pattern$Curly.match0(Ljava/util/regex/Matcher;IILjava/lang/CharSequence;)Z @ 144
Event: 5.021 Thread 0x00007f8e3f90e800 Uncommon trap: reason=unstable_if action=reinterpret pc=0x000000011875bfbc method=java.util.regex.Pattern$BmpCharProperty.match(Ljava/util/regex/Matcher;ILjava/lang/CharSequence;)Z @ 34
Event: 5.435 Thread 0x00007f8e3f90e800 Uncommon trap: reason=array_check action=maybe_recompile pc=0x0000000118888784 method=com.sun.javafx.css.SimpleSelector.applies(Ljavafx/css/Styleable;[Ljava/util/Set;I)Z @ 37
Event: 5.435 Thread 0x00007f8e3f90e800 Uncommon trap: reason=array_check action=maybe_recompile pc=0x0000000118888784 method=com.sun.javafx.css.SimpleSelector.applies(Ljavafx/css/Styleable;[Ljava/util/Set;I)Z @ 37
Event: 5.436 Thread 0x00007f8e3f90e800 Uncommon trap: reason=array_check action=maybe_recompile pc=0x0000000118888784 method=com.sun.javafx.css.SimpleSelector.applies(Ljavafx/css/Styleable;[Ljava/util/Set;I)Z @ 37
Event: 5.436 Thread 0x00007f8e3f90e800 Uncommon trap: reason=array_check action=maybe_recompile pc=0x0000000118888784 method=com.sun.javafx.css.SimpleSelector.applies(Ljavafx/css/Styleable;[Ljava/util/Set;I)Z @ 37
Event: 17.118 Thread 0x00007f8e408a7800 Uncommon trap: reason=unstable_if action=reinterpret pc=0x0000000118e696e0 method=com.sun.javafx.text.TextRun.getPosX(I)F @ 29
Event: 17.118 Thread 0x00007f8e408a7800 Uncommon trap: reason=unstable_if action=reinterpret pc=0x0000000118e98228 method=com.sun.prism.impl.GlyphCache.getCachedGlyph(II)Lcom/sun/prism/impl/GlyphCache$GlyphData; @ 43

Internal exceptions (10 events):
Event: 1.646 Thread 0x00007f8e3f90e800 Exception <a 'java/io/FileNotFoundException'> (0x000000076c516f78) thrown at [/Users/java_re/workspace/8-2-build-macosx-x86_64/jdk8u77/6540/hotspot/src/share/vm/prims/jni.cpp, line 709]
Event: 2.143 Thread 0x00007f8e3f90e800 Implicit null exception at 0x0000000118845075 to 0x00000001188450f1
Event: 3.781 Thread 0x00007f8e3f90e800 Exception <a 'java/io/FileNotFoundException'> (0x000000076cdf2340) thrown at [/Users/java_re/workspace/8-2-build-macosx-x86_64/jdk8u77/6540/hotspot/src/share/vm/prims/jni.cpp, line 709]
Event: 5.021 Thread 0x00007f8e3f90e800 Exception <a 'java/io/FileNotFoundException'> (0x000000076d3c6280) thrown at [/Users/java_re/workspace/8-2-build-macosx-x86_64/jdk8u77/6540/hotspot/src/share/vm/prims/jni.cpp, line 709]
Event: 5.034 Thread 0x00007f8e3f90e800 Exception <a 'java/io/FileNotFoundException'> (0x000000076d4105b0) thrown at [/Users/java_re/workspace/8-2-build-macosx-x86_64/jdk8u77/6540/hotspot/src/share/vm/prims/jni.cpp, line 709]
Event: 5.039 Thread 0x00007f8e3f90e800 Exception <a 'java/io/FileNotFoundException'> (0x000000076d45a8e0) thrown at [/Users/java_re/workspace/8-2-build-macosx-x86_64/jdk8u77/6540/hotspot/src/share/vm/prims/jni.cpp, line 709]
Event: 5.046 Thread 0x00007f8e3f90e800 Exception <a 'java/io/FileNotFoundException'> (0x000000076d466bc0) thrown at [/Users/java_re/workspace/8-2-build-macosx-x86_64/jdk8u77/6540/hotspot/src/share/vm/prims/jni.cpp, line 709]
Event: 5.052 Thread 0x00007f8e3f90e800 Exception <a 'java/io/FileNotFoundException'> (0x000000076d472ea0) thrown at [/Users/java_re/workspace/8-2-build-macosx-x86_64/jdk8u77/6540/hotspot/src/share/vm/prims/jni.cpp, line 709]
Event: 7.589 Thread 0x00007f8e3f90e800 Exception <a 'java/io/FileNotFoundException'> (0x000000076e108888) thrown at [/Users/java_re/workspace/8-2-build-macosx-x86_64/jdk8u77/6540/hotspot/src/share/vm/prims/jni.cpp, line 709]
Event: 7.592 Thread 0x00007f8e3f90e800 Exception <a 'java/io/FileNotFoundException'> (0x000000076e1529d0) thrown at [/Users/java_re/workspace/8-2-build-macosx-x86_64/jdk8u77/6540/hotspot/src/share/vm/prims/jni.cpp, line 709]

Events (10 events):
Event: 27.115 Executing VM operation: RevokeBias done
Event: 27.115 Executing VM operation: RevokeBias
Event: 27.115 Executing VM operation: RevokeBias done
Event: 27.116 Thread 0x00007f8e460b8000 Thread exited: 0x00007f8e460b8000
Event: 150.058 Thread 0x00007f8e40009000 Thread exited: 0x00007f8e40009000
Event: 150.058 loading class sun/misc/Signal$1
Event: 150.058 loading class sun/misc/Signal$1 done
Event: 150.058 Thread 0x00007f8e3fcf5800 Thread added: 0x00007f8e3fcf5800
Event: 150.058 loading class java/util/IdentityHashMap$KeyIterator
Event: 150.058 loading class java/util/IdentityHashMap$IdentityHashMapIterator


Dynamic libraries:
0x0000000012186000 	/System/Library/Frameworks/Cocoa.framework/Versions/A/Cocoa
0x0000000012186000 	/System/Library/Frameworks/Security.framework/Versions/A/Security
0x0000000012186000 	/System/Library/Frameworks/ApplicationServices.framework/Versions/A/ApplicationServices
0x0000000012186000 	/usr/lib/libz.1.dylib
0x0000000012186000 	/usr/lib/libSystem.B.dylib
0x0000000012186000 	/usr/lib/libobjc.A.dylib
0x0000000012186000 	/System/Library/Frameworks/CoreFoundation.framework/Versions/A/CoreFoundation
0x0000000012186000 	/System/Library/Frameworks/Foundation.framework/Versions/C/Foundation
0x0000000012186000 	/System/Library/Frameworks/AppKit.framework/Versions/C/AppKit
0x0000000012186000 	/System/Library/Frameworks/CoreData.framework/Versions/A/CoreData
0x0000000012186000 	/System/Library/PrivateFrameworks/RemoteViewServices.framework/Versions/A/RemoteViewServices
0x0000000012186000 	/System/Library/PrivateFrameworks/UIFoundation.framework/Versions/A/UIFoundation
0x0000000012186000 	/usr/lib/libenergytrace.dylib
0x0000000012186000 	/System/Library/PrivateFrameworks/SkyLight.framework/Versions/A/SkyLight
0x0000000012186000 	/System/Library/Frameworks/CoreGraphics.framework/Versions/A/CoreGraphics
0x0000000012186000 	/usr/lib/libScreenReader.dylib
0x0000000012186000 	/System/Library/Frameworks/Accelerate.framework/Versions/A/Accelerate
0x0000000012186000 	/System/Library/Frameworks/IOSurface.framework/Versions/A/IOSurface
0x0000000012186000 	/System/Library/Frameworks/AudioToolbox.framework/Versions/A/AudioToolbox
0x0000000012186000 	/System/Library/Frameworks/AudioUnit.framework/Versions/A/AudioUnit
0x0000000012186000 	/System/Library/PrivateFrameworks/DataDetectorsCore.framework/Versions/A/DataDetectorsCore
0x0000000012186000 	/System/Library/PrivateFrameworks/DesktopServicesPriv.framework/Versions/A/DesktopServicesPriv
0x0000000012186000 	/System/Library/Frameworks/Carbon.framework/Versions/A/Frameworks/HIToolbox.framework/Versions/A/HIToolbox
0x0000000012186000 	/usr/lib/libicucore.A.dylib
0x0000000012186000 	/System/Library/Frameworks/QuartzCore.framework/Versions/A/QuartzCore
0x0000000012186000 	/System/Library/Frameworks/Carbon.framework/Versions/A/Frameworks/SpeechRecognition.framework/Versions/A/SpeechRecognition
0x0000000012186000 	/usr/lib/libauto.dylib
0x0000000012186000 	/usr/lib/libxml2.2.dylib
0x0000000012186000 	/System/Library/PrivateFrameworks/CoreUI.framework/Versions/A/CoreUI
0x0000000012186000 	/System/Library/Frameworks/CoreAudio.framework/Versions/A/CoreAudio
0x0000000012186000 	/System/Library/Frameworks/DiskArbitration.framework/Versions/A/DiskArbitration
0x0000000012186000 	/usr/lib/liblangid.dylib
0x0000000012186000 	/System/Library/PrivateFrameworks/MultitouchSupport.framework/Versions/A/MultitouchSupport
0x0000000012186000 	/System/Library/Frameworks/IOKit.framework/Versions/A/IOKit
0x0000000012186000 	/usr/lib/libDiagnosticMessagesClient.dylib
0x0000000012186000 	/System/Library/Frameworks/CoreServices.framework/Versions/A/CoreServices
0x0000000012186000 	/System/Library/PrivateFrameworks/PerformanceAnalysis.framework/Versions/A/PerformanceAnalysis
0x0000000012186000 	/System/Library/PrivateFrameworks/GenerationalStorage.framework/Versions/A/GenerationalStorage
0x0000000012186000 	/System/Library/Frameworks/OpenGL.framework/Versions/A/OpenGL
0x0000000012186000 	/System/Library/Frameworks/CoreImage.framework/Versions/A/CoreImage
0x0000000012186000 	/System/Library/Frameworks/CoreText.framework/Versions/A/CoreText
0x0000000012186000 	/System/Library/Frameworks/ImageIO.framework/Versions/A/ImageIO
0x0000000012186000 	/System/Library/PrivateFrameworks/Backup.framework/Versions/A/Backup
0x0000000012186000 	/usr/lib/libarchive.2.dylib
0x0000000012186000 	/System/Library/Frameworks/CFNetwork.framework/Versions/A/CFNetwork
0x0000000012186000 	/System/Library/Frameworks/SystemConfiguration.framework/Versions/A/SystemConfiguration
0x0000000012186000 	/usr/lib/libCRFSuite.dylib
0x0000000012186000 	/usr/lib/libc++.1.dylib
0x0000000012186000 	/usr/lib/libc++abi.dylib
0x0000000012186000 	/usr/lib/system/libcache.dylib
0x0000000012186000 	/usr/lib/system/libcommonCrypto.dylib
0x0000000012186000 	/usr/lib/system/libcompiler_rt.dylib
0x0000000012186000 	/usr/lib/system/libcopyfile.dylib
0x0000000012186000 	/usr/lib/system/libcorecrypto.dylib
0x0000000012186000 	/usr/lib/system/libdispatch.dylib
0x0000000012186000 	/usr/lib/system/libdyld.dylib
0x0000000012186000 	/usr/lib/system/libkeymgr.dylib
0x0000000012186000 	/usr/lib/system/liblaunch.dylib
0x0000000012186000 	/usr/lib/system/libmacho.dylib
0x0000000012186000 	/usr/lib/system/libquarantine.dylib
0x0000000012186000 	/usr/lib/system/libremovefile.dylib
0x0000000012186000 	/usr/lib/system/libsystem_asl.dylib
0x0000000012186000 	/usr/lib/system/libsystem_blocks.dylib
0x0000000012186000 	/usr/lib/system/libsystem_c.dylib
0x0000000012186000 	/usr/lib/system/libsystem_configuration.dylib
0x0000000012186000 	/usr/lib/system/libsystem_coreservices.dylib
0x0000000012186000 	/usr/lib/system/libsystem_coretls.dylib
0x0000000012186000 	/usr/lib/system/libsystem_dnssd.dylib
0x0000000012186000 	/usr/lib/system/libsystem_info.dylib
0x0000000012186000 	/usr/lib/system/libsystem_kernel.dylib
0x0000000012186000 	/usr/lib/system/libsystem_m.dylib
0x0000000012186000 	/usr/lib/system/libsystem_malloc.dylib
0x0000000012186000 	/usr/lib/system/libsystem_network.dylib
0x0000000012186000 	/usr/lib/system/libsystem_networkextension.dylib
0x0000000012186000 	/usr/lib/system/libsystem_notify.dylib
0x0000000012186000 	/usr/lib/system/libsystem_platform.dylib
0x0000000012186000 	/usr/lib/system/libsystem_pthread.dylib
0x0000000012186000 	/usr/lib/system/libsystem_sandbox.dylib
0x0000000012186000 	/usr/lib/system/libsystem_secinit.dylib
0x0000000012186000 	/usr/lib/system/libsystem_symptoms.dylib
0x0000000012186000 	/usr/lib/system/libsystem_trace.dylib
0x0000000012186000 	/usr/lib/system/libunwind.dylib
0x0000000012186000 	/usr/lib/system/libxpc.dylib
0x0000000012186000 	/usr/lib/libbsm.0.dylib
0x0000000012186000 	/usr/lib/system/libkxld.dylib
0x0000000012186000 	/usr/lib/libcoretls.dylib
0x0000000012186000 	/usr/lib/libcoretls_cfhelpers.dylib
0x0000000012186000 	/usr/lib/libxar.1.dylib
0x0000000012186000 	/usr/lib/libsqlite3.dylib
0x0000000012186000 	/usr/lib/libpam.2.dylib
0x0000000012186000 	/usr/lib/libOpenScriptingUtil.dylib
0x0000000012186000 	/usr/lib/libbz2.1.0.dylib
0x0000000012186000 	/usr/lib/liblzma.5.dylib
0x0000000012186000 	/usr/lib/libnetwork.dylib
0x0000000012186000 	/usr/lib/libpcap.A.dylib
0x0000000012186000 	/System/Library/Frameworks/CoreServices.framework/Versions/A/Frameworks/FSEvents.framework/Versions/A/FSEvents
0x0000000012186000 	/System/Library/Frameworks/CoreServices.framework/Versions/A/Frameworks/CarbonCore.framework/Versions/A/CarbonCore
0x0000000012186000 	/System/Library/Frameworks/CoreServices.framework/Versions/A/Frameworks/Metadata.framework/Versions/A/Metadata
0x0000000012186000 	/System/Library/Frameworks/CoreServices.framework/Versions/A/Frameworks/OSServices.framework/Versions/A/OSServices
0x0000000012186000 	/System/Library/Frameworks/CoreServices.framework/Versions/A/Frameworks/SearchKit.framework/Versions/A/SearchKit
0x0000000012186000 	/System/Library/Frameworks/CoreServices.framework/Versions/A/Frameworks/AE.framework/Versions/A/AE
0x0000000012186000 	/System/Library/Frameworks/CoreServices.framework/Versions/A/Frameworks/LaunchServices.framework/Versions/A/LaunchServices
0x0000000012186000 	/System/Library/Frameworks/CoreServices.framework/Versions/A/Frameworks/DictionaryServices.framework/Versions/A/DictionaryServices
0x0000000012186000 	/System/Library/Frameworks/CoreServices.framework/Versions/A/Frameworks/SharedFileList.framework/Versions/A/SharedFileList
0x0000000012186000 	/System/Library/Frameworks/NetFS.framework/Versions/A/NetFS
0x0000000012186000 	/System/Library/PrivateFrameworks/NetAuth.framework/Versions/A/NetAuth
0x0000000012186000 	/System/Library/PrivateFrameworks/login.framework/Versions/A/Frameworks/loginsupport.framework/Versions/A/loginsupport
0x0000000012186000 	/System/Library/PrivateFrameworks/TCC.framework/Versions/A/TCC
0x0000000012186000 	/usr/lib/libmecabra.dylib
0x0000000012186000 	/System/Library/Frameworks/ApplicationServices.framework/Versions/A/Frameworks/ATS.framework/Versions/A/ATS
0x0000000012186000 	/System/Library/Frameworks/ApplicationServices.framework/Versions/A/Frameworks/ColorSync.framework/Versions/A/ColorSync
0x0000000012186000 	/System/Library/Frameworks/ApplicationServices.framework/Versions/A/Frameworks/HIServices.framework/Versions/A/HIServices
0x0000000012186000 	/System/Library/Frameworks/ApplicationServices.framework/Versions/A/Frameworks/LangAnalysis.framework/Versions/A/LangAnalysis
0x0000000012186000 	/System/Library/Frameworks/ApplicationServices.framework/Versions/A/Frameworks/PrintCore.framework/Versions/A/PrintCore
0x0000000012186000 	/System/Library/Frameworks/ApplicationServices.framework/Versions/A/Frameworks/QD.framework/Versions/A/QD
0x0000000012186000 	/System/Library/Frameworks/ApplicationServices.framework/Versions/A/Frameworks/SpeechSynthesis.framework/Versions/A/SpeechSynthesis
0x0000000012186000 	/System/Library/Frameworks/Accelerate.framework/Versions/A/Frameworks/vImage.framework/Versions/A/vImage
0x0000000012186000 	/System/Library/Frameworks/Accelerate.framework/Versions/A/Frameworks/vecLib.framework/Versions/A/vecLib
0x0000000012186000 	/System/Library/Frameworks/Accelerate.framework/Versions/A/Frameworks/vecLib.framework/Versions/A/libvDSP.dylib
0x0000000012186000 	/System/Library/Frameworks/Accelerate.framework/Versions/A/Frameworks/vecLib.framework/Versions/A/libBNNS.dylib
0x0000000012186000 	/System/Library/Frameworks/Accelerate.framework/Versions/A/Frameworks/vecLib.framework/Versions/A/libQuadrature.dylib
0x0000000012186000 	/System/Library/Frameworks/Accelerate.framework/Versions/A/Frameworks/vecLib.framework/Versions/A/libvMisc.dylib
0x0000000012186000 	/System/Library/Frameworks/Accelerate.framework/Versions/A/Frameworks/vecLib.framework/Versions/A/libLAPACK.dylib
0x0000000012186000 	/System/Library/Frameworks/Accelerate.framework/Versions/A/Frameworks/vecLib.framework/Versions/A/libBLAS.dylib
0x0000000012186000 	/System/Library/Frameworks/Accelerate.framework/Versions/A/Frameworks/vecLib.framework/Versions/A/libLinearAlgebra.dylib
0x0000000012186000 	/System/Library/Frameworks/Accelerate.framework/Versions/A/Frameworks/vecLib.framework/Versions/A/libSparseBLAS.dylib
0x0000000012186000 	/System/Library/Frameworks/ApplicationServices.framework/Versions/A/Frameworks/ATS.framework/Versions/A/Resources/libFontParser.dylib
0x0000000012186000 	/System/Library/Frameworks/ApplicationServices.framework/Versions/A/Frameworks/ATS.framework/Versions/A/Resources/libFontRegistry.dylib
0x0000000012186000 	/System/Library/Frameworks/ImageIO.framework/Versions/A/Resources/libJPEG.dylib
0x0000000012186000 	/System/Library/Frameworks/ImageIO.framework/Versions/A/Resources/libTIFF.dylib
0x0000000012186000 	/System/Library/Frameworks/ImageIO.framework/Versions/A/Resources/libPng.dylib
0x0000000012186000 	/System/Library/Frameworks/ImageIO.framework/Versions/A/Resources/libGIF.dylib
0x0000000012186000 	/System/Library/Frameworks/ImageIO.framework/Versions/A/Resources/libJP2.dylib
0x0000000012186000 	/System/Library/Frameworks/ImageIO.framework/Versions/A/Resources/libRadiance.dylib
0x0000000012186000 	/usr/lib/libcompression.dylib
0x0000000012186000 	/System/Library/PrivateFrameworks/AppleJPEG.framework/Versions/A/AppleJPEG
0x0000000012186000 	/usr/lib/libcups.2.dylib
0x0000000012186000 	/System/Library/Frameworks/Kerberos.framework/Versions/A/Kerberos
0x0000000012186000 	/System/Library/Frameworks/GSS.framework/Versions/A/GSS
0x0000000012186000 	/usr/lib/libresolv.9.dylib
0x0000000012186000 	/usr/lib/libiconv.2.dylib
0x0000000012186000 	/System/Library/PrivateFrameworks/Heimdal.framework/Versions/A/Heimdal
0x0000000012186000 	/usr/lib/libheimdal-asn1.dylib
0x0000000012186000 	/System/Library/Frameworks/OpenDirectory.framework/Versions/A/OpenDirectory
0x0000000012186000 	/System/Library/PrivateFrameworks/CommonAuth.framework/Versions/A/CommonAuth
0x0000000012186000 	/System/Library/Frameworks/OpenDirectory.framework/Versions/A/Frameworks/CFOpenDirectory.framework/Versions/A/CFOpenDirectory
0x0000000012186000 	/System/Library/Frameworks/SecurityFoundation.framework/Versions/A/SecurityFoundation
0x0000000012186000 	/System/Library/PrivateFrameworks/LanguageModeling.framework/Versions/A/LanguageModeling
0x0000000012186000 	/usr/lib/libmarisa.dylib
0x0000000012186000 	/usr/lib/libChineseTokenizer.dylib
0x0000000012186000 	/usr/lib/libcmph.dylib
0x0000000012186000 	/System/Library/PrivateFrameworks/CoreEmoji.framework/Versions/A/CoreEmoji
0x0000000012186000 	/System/Library/Frameworks/ServiceManagement.framework/Versions/A/ServiceManagement
0x0000000012186000 	/usr/lib/libxslt.1.dylib
0x0000000012186000 	/System/Library/Frameworks/Carbon.framework/Versions/A/Frameworks/Ink.framework/Versions/A/Ink
0x0000000012186000 	/System/Library/PrivateFrameworks/TextureIO.framework/Versions/A/TextureIO
0x0000000012186000 	/System/Library/Frameworks/Metal.framework/Versions/A/Metal
0x0000000012186000 	/usr/lib/libate.dylib
0x0000000012186000 	/System/Library/PrivateFrameworks/GPUCompiler.framework/libmetal_timestamp.dylib
0x0000000012186000 	/System/Library/Frameworks/OpenGL.framework/Versions/A/Libraries/libCoreFSCache.dylib
0x0000000012186000 	/System/Library/PrivateFrameworks/IOAccelerator.framework/Versions/A/IOAccelerator
0x0000000012186000 	/System/Library/Frameworks/CoreVideo.framework/Versions/A/CoreVideo
0x0000000012186000 	/usr/lib/libFosl_dynamic.dylib
0x0000000012186000 	/System/Library/PrivateFrameworks/MetalPerformanceShaders.framework/Versions/A/MetalPerformanceShaders
0x0000000012186000 	/System/Library/PrivateFrameworks/FaceCore.framework/Versions/A/FaceCore
0x0000000012186000 	/System/Library/Frameworks/OpenCL.framework/Versions/A/OpenCL
0x0000000012186000 	/System/Library/Frameworks/OpenGL.framework/Versions/A/Libraries/libGLU.dylib
0x0000000012186000 	/System/Library/Frameworks/OpenGL.framework/Versions/A/Libraries/libGFXShared.dylib
0x0000000012186000 	/System/Library/Frameworks/OpenGL.framework/Versions/A/Libraries/libGL.dylib
0x0000000012186000 	/System/Library/Frameworks/OpenGL.framework/Versions/A/Libraries/libGLImage.dylib
0x0000000012186000 	/System/Library/Frameworks/OpenGL.framework/Versions/A/Libraries/libCVMSPluginSupport.dylib
0x0000000012186000 	/System/Library/Frameworks/OpenGL.framework/Versions/A/Libraries/libCoreVMClient.dylib
0x0000000012186000 	/System/Library/PrivateFrameworks/CrashReporterSupport.framework/Versions/A/CrashReporterSupport
0x0000000012186000 	/System/Library/PrivateFrameworks/Sharing.framework/Versions/A/Sharing
0x0000000012186000 	/System/Library/PrivateFrameworks/IconServices.framework/Versions/A/IconServices
0x0000000012186000 	/System/Library/PrivateFrameworks/ProtocolBuffer.framework/Versions/A/ProtocolBuffer
0x0000000012186000 	/System/Library/PrivateFrameworks/Apple80211.framework/Versions/A/Apple80211
0x0000000012186000 	/System/Library/Frameworks/CoreWLAN.framework/Versions/A/CoreWLAN
0x0000000012186000 	/System/Library/PrivateFrameworks/CoreUtils.framework/Versions/A/CoreUtils
0x0000000012186000 	/System/Library/Frameworks/IOBluetooth.framework/Versions/A/IOBluetooth
0x0000000012186000 	/System/Library/PrivateFrameworks/CoreWiFi.framework/Versions/A/CoreWiFi
0x0000000012186000 	/System/Library/Frameworks/CoreBluetooth.framework/Versions/A/CoreBluetooth
0x0000000012186000 	/System/Library/Frameworks/CoreDisplay.framework/Versions/A/CoreDisplay
0x0000000012186000 	/System/Library/PrivateFrameworks/IOPresentment.framework/Versions/A/IOPresentment
0x0000000012186000 	/System/Library/PrivateFrameworks/DebugSymbols.framework/Versions/A/DebugSymbols
0x0000000012186000 	/System/Library/PrivateFrameworks/CoreSymbolication.framework/Versions/A/CoreSymbolication
0x0000000012186000 	/System/Library/PrivateFrameworks/Symbolication.framework/Versions/A/Symbolication
0x0000000012186000 	/System/Library/PrivateFrameworks/AppleFSCompression.framework/Versions/A/AppleFSCompression
0x0000000012186000 	/System/Library/PrivateFrameworks/SpeechRecognitionCore.framework/Versions/A/SpeechRecognitionCore
0x0000000012186000 	/System/Library/PrivateFrameworks/ChunkingLibrary.framework/Versions/A/ChunkingLibrary
0x000000010de00000 	/Library/Java/JavaVirtualMachines/jdk1.8.0_77.jdk/Contents/Home/jre/lib/server/libjvm.dylib
0x0000000012186000 	/usr/lib/libstdc++.6.dylib
0x000000010d508000 	/Library/Java/JavaVirtualMachines/jdk1.8.0_77.jdk/Contents/Home/jre/lib/libverify.dylib
0x000000010d516000 	/Library/Java/JavaVirtualMachines/jdk1.8.0_77.jdk/Contents/Home/jre/lib/libjava.dylib
0x000000010d54c000 	/Library/Java/JavaVirtualMachines/jdk1.8.0_77.jdk/Contents/Home/jre/lib/libjdwp.dylib
0x000000010d597000 	/Library/Java/JavaVirtualMachines/jdk1.8.0_77.jdk/Contents/Home/jre/lib/libnpt.dylib
0x000000010d5a4000 	/Library/Java/JavaVirtualMachines/jdk1.8.0_77.jdk/Contents/Home/jre/lib/libzip.dylib
0x0000000129207000 	/System/Library/Frameworks/JavaVM.framework/Frameworks/JavaRuntimeSupport.framework/JavaRuntimeSupport
0x0000000129221000 	/System/Library/Frameworks/JavaVM.framework/Versions/A/Frameworks/JavaNativeFoundation.framework/Versions/A/JavaNativeFoundation
0x0000000129236000 	/System/Library/Frameworks/JavaVM.framework/Versions/A/JavaVM
0x0000000012186000 	/System/Library/Frameworks/Carbon.framework/Versions/A/Carbon
0x0000000129243000 	/System/Library/PrivateFrameworks/JavaLaunching.framework/Versions/A/JavaLaunching
0x0000000012186000 	/System/Library/Frameworks/Carbon.framework/Versions/A/Frameworks/CommonPanels.framework/Versions/A/CommonPanels
0x0000000012186000 	/System/Library/Frameworks/Carbon.framework/Versions/A/Frameworks/Help.framework/Versions/A/Help
0x0000000012186000 	/System/Library/Frameworks/Carbon.framework/Versions/A/Frameworks/ImageCapture.framework/Versions/A/ImageCapture
0x0000000012186000 	/System/Library/Frameworks/Carbon.framework/Versions/A/Frameworks/OpenScripting.framework/Versions/A/OpenScripting
0x0000000012186000 	/System/Library/Frameworks/Carbon.framework/Versions/A/Frameworks/Print.framework/Versions/A/Print
0x0000000012186000 	/System/Library/Frameworks/Carbon.framework/Versions/A/Frameworks/SecurityHI.framework/Versions/A/SecurityHI
0x000000012ab45000 	/Library/Java/JavaVirtualMachines/jdk1.8.0_77.jdk/Contents/Home/jre/lib/libdt_socket.dylib
0x000000012abe2000 	/Library/Java/JavaVirtualMachines/jdk1.8.0_77.jdk/Contents/Home/jre/lib/libprism_es2.dylib
0x0000000012186000 	/System/Library/Frameworks/OpenGL.framework/Versions/A/Resources/GLEngine.bundle/GLEngine
0x0000000012186000 	/System/Library/Frameworks/OpenGL.framework/Versions/A/Libraries/libGLProgrammability.dylib
0x000000012ac48000 	/System/Library/Extensions/AppleIntelBDWGraphicsGLDriver.bundle/Contents/MacOS/AppleIntelBDWGraphicsGLDriver
0x0000000012186000 	/System/Library/PrivateFrameworks/GPUSupport.framework/Versions/A/Libraries/libGPUSupportMercury.dylib
0x0000000012186000 	/System/Library/Frameworks/OpenGL.framework/Versions/A/Resources/GLRendererFloat.bundle/GLRendererFloat
0x0000000012186000 	/System/Library/Frameworks/OpenCL.framework/Versions/A/Libraries/libcldcpuengine.dylib
0x0000000012186000 	/usr/lib/libcrypto.0.9.8.dylib
0x0000000012186000 	/System/Library/PrivateFrameworks/TrustEvaluationAgent.framework/Versions/A/TrustEvaluationAgent
0x000000012b7b4000 	/Library/Java/JavaVirtualMachines/jdk1.8.0_77.jdk/Contents/Home/jre/lib/libglass.dylib
0x0000000012186000 	/System/Library/PrivateFrameworks/CoreServicesInternal.framework/Versions/A/CoreServicesInternal
0x0000000012186000 	/System/Library/CoreServices/RawCamera.bundle/Contents/MacOS/RawCamera
0x0000000012186000 	/System/Library/Frameworks/Accelerate.framework/Versions/A/Frameworks/vImage.framework/Versions/A/Libraries/libCGInterfaces.dylib
0x0000000012186000 	/System/Library/PrivateFrameworks/FamilyControls.framework/Versions/A/FamilyControls
0x0000000012186000 	/System/Library/PrivateFrameworks/CommerceKit.framework/Versions/A/Frameworks/CommerceCore.framework/Versions/A/CommerceCore
0x0000000012186000 	/System/Library/PrivateFrameworks/SystemAdministration.framework/Versions/A/SystemAdministration
0x0000000012186000 	/System/Library/PrivateFrameworks/AppContainer.framework/Versions/A/AppContainer
0x0000000012186000 	/System/Library/PrivateFrameworks/SecCodeWrapper.framework/Versions/A/SecCodeWrapper
0x0000000012186000 	/System/Library/Frameworks/DirectoryService.framework/Versions/A/DirectoryService
0x0000000012186000 	/System/Library/PrivateFrameworks/DiskImages.framework/Versions/A/DiskImages
0x0000000012186000 	/System/Library/PrivateFrameworks/LoginUIKit.framework/Versions/A/Frameworks/LoginUICore.framework/Versions/A/LoginUICore
0x0000000012186000 	/usr/lib/libCoreStorage.dylib
0x0000000012186000 	/usr/lib/libcsfde.dylib
0x0000000012186000 	/usr/lib/libodfde.dylib
0x0000000012186000 	/System/Library/Frameworks/DiscRecording.framework/Versions/A/DiscRecording
0x0000000012186000 	/usr/lib/libcurl.4.dylib
0x0000000012186000 	/System/Library/PrivateFrameworks/MediaKit.framework/Versions/A/MediaKit
0x0000000012186000 	/System/Library/PrivateFrameworks/ProtectedCloudStorage.framework/Versions/A/ProtectedCloudStorage
0x0000000012186000 	/System/Library/PrivateFrameworks/EFILogin.framework/Versions/A/EFILogin
0x0000000012186000 	/usr/lib/libutil.dylib
0x0000000012186000 	/System/Library/Frameworks/LDAP.framework/Versions/A/LDAP
0x0000000012186000 	/usr/lib/libsasl2.2.dylib
0x0000000012186000 	/System/Library/PrivateFrameworks/CoreDaemon.framework/Versions/B/CoreDaemon
0x0000000012186000 	/System/Library/PrivateFrameworks/AppleSRP.framework/Versions/A/AppleSRP
0x0000000012186000 	/System/Library/PrivateFrameworks/APFS.framework/Versions/A/APFS
0x000000012b9ac000 	/Library/Java/JavaVirtualMachines/jdk1.8.0_77.jdk/Contents/Home/jre/lib/libjavafx_iio.dylib
0x000000012b9ea000 	/Library/Java/JavaVirtualMachines/jdk1.8.0_77.jdk/Contents/Home/jre/lib/libjavafx_font.dylib
0x000000012f420000 	/Library/Java/JavaVirtualMachines/jdk1.8.0_77.jdk/Contents/Home/jre/lib/libjfxwebkit.dylib
0x000000012c640000 	/Library/Java/JavaVirtualMachines/jdk1.8.0_77.jdk/Contents/Home/jre/lib/libnio.dylib
0x000000012c650000 	/Library/Java/JavaVirtualMachines/jdk1.8.0_77.jdk/Contents/Home/jre/lib/./libnet.dylib
0x0000000012186000 	/System/Library/Frameworks/ApplicationServices.framework/Versions/A/Frameworks/ATS.framework/Versions/A/Resources/libTrueTypeScaler.dylib
0x0000000137b90000 	/System/Library/Extensions/AppleIntelBDWGraphicsMTLDriver.bundle/Contents/MacOS/AppleIntelBDWGraphicsMTLDriver
0x000000013867c000 	/Library/Java/JavaVirtualMachines/jdk1.8.0_77.jdk/Contents/Home/jre/lib/libprism_common.dylib
0x0000000012186000 	/System/Library/PrivateFrameworks/ViewBridge.framework/Versions/A/ViewBridge
0x0000000012186000 	/System/Library/PrivateFrameworks/XPCService.framework/Versions/A/XPCService
0x0000000012186000 	/System/Library/PrivateFrameworks/AppSandbox.framework/Versions/A/AppSandbox
0x0000000012186000 	/usr/lib/libsandbox.1.dylib
0x0000000012186000 	/usr/lib/libMatch.1.dylib

VM Arguments:
jvm_args: -agentlib:jdwp=transport=dt_socket,suspend=y,address=localhost:59680 -Dfile.encoding=UTF-8 
java_command: gameplayer.main.main
java_class_path (initial): /Users/Naijiao/Documents/compsci308/voogasalad_voogasquad/bin:/Users/Naijiao/Documents/compsci308/voogasalad_voogasquad/lib/xstream-1.4.9.jar:/Users/Naijiao/Documents/compsci308/voogasalad_voogasquad/lib/javax.ws.rs-api-2.0.jar:/Users/Naijiao/Documents/compsci308/voogasalad_voogasquad/lib/commons-codec-1.9.jar:/Users/Naijiao/Documents/compsci308/voogasalad_voogasquad/lib/commons-logging-1.2.jar:/Users/Naijiao/Documents/compsci308/voogasalad_voogasquad/lib/fluent-hc-4.5.2.jar:/Users/Naijiao/Documents/compsci308/voogasalad_voogasquad/lib/httpclient-4.5.2.jar:/Users/Naijiao/Documents/compsci308/voogasalad_voogasquad/lib/httpclient-cache-4.5.2.jar:/Users/Naijiao/Documents/compsci308/voogasalad_voogasquad/lib/httpclient-win-4.5.2.jar:/Users/Naijiao/Documents/compsci308/voogasalad_voogasquad/lib/httpcore-4.4.4.jar:/Users/Naijiao/Documents/compsci308/voogasalad_voogasquad/lib/httpmime-4.5.2.jar:/Users/Naijiao/Documents/compsci308/voogasalad_voogasquad/lib/jna-4.1.0.jar:/Users/Naijiao/Documents/compsci308/voogasalad_voogasquad/lib/jna-platform-4.1.0.jar:/Users/Naijiao/Documents/compsci308/voogasalad_voogasquad/lib/gson-2.2.2.jar:/Users/Naijiao/Documents/compsci308/voogasalad_voogasquad/lib/groovy-all-2.4.7-indy.jar:/Users/Naijiao/Documents/compsci308/voogasalad_voogasquad/lib/groovy-doc.jar:/Users/Naijiao/Documents/compsci308/voogasalad_voogasquad/lib/groovy-src.jar:/Users/Naijiao/Documents/compsci308/voogasalad_voogasquad/lib/reflections/guava-r05.jar:/Users/Naijiao/Documents/compsci308/voogasalad_voogasquad/lib/reflections/javassist-3.20.0-GA.jar:/Users/Naijiao/Documents/compsci308/voogasalad_voogasquad/lib/reflections/reflections-0.9.10.redhat-3.jar:/Users/Naijiao/Documents/compsci308/voogasalad_voogasquad/lib/reflections/jsr305-3.0.1.jar:/Users/Naijiao/Documents/compsci308/voogasalad_voogasquad/lib/reflections/slf4j-api-1.7.21.jar:/Users/Naijiao/Documents/compsci308/voogasalad_voogasquad/lib/reflections/slf4j-simple-1.7.21.jar:/Users/Naijiao
Launcher Type: SUN_STANDARD

Environment Variables:
PATH=/usr/bin:/bin:/usr/sbin:/sbin
SHELL=/bin/bash

Signal Handlers:
SIGSEGV: [libjvm.dylib+0x5a6855], sa_mask[0]=11111111011111110111111111111111, sa_flags=SA_ONSTACK|SA_RESTART|SA_SIGINFO
SIGBUS: [libjvm.dylib+0x5a6855], sa_mask[0]=11111111011111110111111111111111, sa_flags=SA_RESTART|SA_SIGINFO
SIGFPE: [libjvm.dylib+0x4804ec], sa_mask[0]=11111111011111110111111111111111, sa_flags=SA_RESTART|SA_SIGINFO
SIGPIPE: [libjvm.dylib+0x4804ec], sa_mask[0]=11111111011111110111111111111111, sa_flags=SA_RESTART|SA_SIGINFO
SIGXFSZ: [libjvm.dylib+0x4804ec], sa_mask[0]=11111111011111110111111111111111, sa_flags=SA_RESTART|SA_SIGINFO
SIGILL: [libjvm.dylib+0x4804ec], sa_mask[0]=11111111011111110111111111111111, sa_flags=SA_RESTART|SA_SIGINFO
SIGUSR1: SIG_DFL, sa_mask[0]=00000000000000000000000000000000, sa_flags=none
SIGUSR2: [libjvm.dylib+0x48000a], sa_mask[0]=00100000000000000000000000000000, sa_flags=SA_RESTART|SA_SIGINFO
SIGHUP: [libjvm.dylib+0x47e5e1], sa_mask[0]=11111111011111110111111111111111, sa_flags=SA_RESTART|SA_SIGINFO
SIGINT: [libjvm.dylib+0x47e5e1], sa_mask[0]=11111111011111110111111111111111, sa_flags=SA_RESTART|SA_SIGINFO
SIGTERM: [libjvm.dylib+0x47e5e1], sa_mask[0]=11111111011111110111111111111111, sa_flags=SA_RESTART|SA_SIGINFO
SIGQUIT: [libjvm.dylib+0x47e5e1], sa_mask[0]=11111111011111110111111111111111, sa_flags=SA_RESTART|SA_SIGINFO


---------------  S Y S T E M  ---------------

OS:Bsduname:Darwin 16.0.0 Darwin Kernel Version 16.0.0: Mon Aug 29 17:56:20 PDT 2016; root:xnu-3789.1.32~3/RELEASE_X86_64 x86_64
rlimit: STACK 8192k, CORE 0k, NPROC 709, NOFILE 10240, AS infinity
load average:2.14 2.39 2.21

CPU:total 4 (2 cores per cpu, 2 threads per core) family 6 model 61 stepping 4, cmov, cx8, fxsr, mmx, sse, sse2, sse3, ssse3, sse4.1, sse4.2, popcnt, avx, avx2, aes, clmul, erms, 3dnowpref, lzcnt, ht, tsc, tscinvbit, bmi1, bmi2, adx

Memory: 4k page, physical 16777216k(1930268k free)

/proc/meminfo:


vm_info: Java HotSpot(TM) 64-Bit Server VM (25.77-b03) for bsd-amd64 JRE (1.8.0_77-b03), built on Mar 20 2016 22:14:03 by "java_re" with gcc 4.2.1 (Based on Apple Inc. build 5658) (LLVM build 2336.11.00)

time: Mon Dec 12 04:06:01 2016
elapsed time: 150 seconds (0d 0h 2m 30s)

